[Licensing::Module] Trying to connect to existing licensing client channel...
Built from '6000.3/staging' branch; Version is '6000.3.8f1 (1c7db571dde0) revision 1867189'; Using compiler version '194234433'; Build Type 'Release'
[Licensing::IpcConnector] Successfully connected to: "LicenseClient-gethm" at "2026-04-25T12:59:08.7325164Z"
OS: 'Windows 11  (10.0.26200) CoreSingleLanguage' Language: 'en' Physical Memory: 16085 MB
BatchMode: 1, IsHumanControllingUs: 0, StartBugReporterOnCrash: 0, Is64bit: 1
System  architecture: x64
Process architecture: x64
Date: 2026-04-25T12:59:08Z

COMMAND LINE ARGUMENTS:
E:\unity\6000.3.8f1\Editor\Unity.exe
-adb2
-batchMode
-noUpm
-name
AssetImportWorker0
-projectPath
G:/Projects/Games/SomethingIsInside
-logFile
Logs/AssetImportWorker0.log
-srvPort
9459
-licensingIpc
LicenseClient-gethm
-job-worker-count
5
-background-job-worker-count
8
-gc-helper-count
1
-name
AssetImport
Successfully changed project path to: G:/Projects/Games/SomethingIsInside
G:/Projects/Games/SomethingIsInside
[UnityMemory] Configuration Parameters - Can be set up in boot.config
    "memorysetup-temp-allocator-size-nav-mesh-worker=65536"
    "memorysetup-temp-allocator-size-audio-worker=65536"
    "memorysetup-temp-allocator-size-gfx=262144"
    "memorysetup-allocator-temp-initial-block-size-main=262144"
    "memorysetup-allocator-temp-initial-block-size-worker=262144"
    "memorysetup-temp-allocator-size-background-worker=32768"
    "memorysetup-temp-allocator-size-job-worker=262144"
    "memorysetup-temp-allocator-size-preload-manager=33554432"
    "memorysetup-temp-allocator-size-gi-baking-worker=262144"
    "memorysetup-temp-allocator-size-gi-baking-worker=262144"
    "memorysetup-temp-allocator-size-gi-baking-worker=262144"
    "memorysetup-temp-allocator-size-gi-baking-worker=262144"
    "memorysetup-temp-allocator-size-gi-baking-worker=262144"
    "memorysetup-bucket-allocator-granularity=16"
    "memorysetup-bucket-allocator-bucket-count=8"
    "memorysetup-bucket-allocator-block-size=33554432"
    "memorysetup-bucket-allocator-block-count=8"
    "memorysetup-main-allocator-block-size=16777216"
    "memorysetup-thread-allocator-block-size=16777216"
    "memorysetup-gfx-main-allocator-block-size=16777216"
    "memorysetup-gfx-thread-allocator-block-size=16777216"
    "memorysetup-cache-allocator-block-size=4194304"
    "memorysetup-typetree-allocator-block-size=2097152"
    "memorysetup-profiler-bucket-allocator-granularity=16"
    "memorysetup-profiler-bucket-allocator-bucket-count=8"
    "memorysetup-profiler-bucket-allocator-block-size=33554432"
    "memorysetup-profiler-bucket-allocator-block-count=8"
    "memorysetup-profiler-allocator-block-size=16777216"
    "memorysetup-profiler-editor-allocator-block-size=1048576"
    "memorysetup-temp-allocator-size-main=16777216"
    "memorysetup-job-temp-allocator-block-size=2097152"
    "memorysetup-job-temp-allocator-block-size-background=1048576"
    "memorysetup-job-temp-allocator-reduction-small-platforms=262144"
    "memorysetup-temp-allocator-size-cloud-worker=32768"
Player connection [30708]  Target information:

Player connection [30708]  * "[IP] 192.168.1.10 [Port] 0 [Flags] 2 [Guid] 1856631368 [EditorId] 1856631368 [Version] 1048832 [Id] WindowsEditor(7,MSI) [Debug] 1 [PackageName] WindowsEditor [ProjectName] Editor" 

Player connection [30708] Host joined multi-casting on [225.0.0.222:54997]...
Player connection [30708] Host joined alternative multi-casting on [225.0.0.222:34997]...
JobSystem: Creating JobQueue using job-worker-count value 5
Input System module state changed to: Initialized.
[Physics::Module] Initialized fallback backend.
[Physics::Module] Id: 0xdecafbad
Library Redirect Path: Library/
[Physics::Module] Selected backend.
[Physics::Module] Name: PhysX
[Physics::Module] Id: 0xf2b8ea05
[Physics::Module] SDK Version: 4.1.2
[Physics::Module] Integration Version: 1.0.0
[Physics::Module] Threading Mode: Multi-Threaded
Refreshing native plugins compatible for Editor in 1670.75 ms, found 4 plugins.
Preloading 0 native plugins for Editor in 0.00 ms.
Initialize engine version: 6000.3.8f1 (1c7db571dde0)
[Subsystems] Discovering subsystems at path E:/unity/6000.3.8f1/Editor/Data/Resources/UnitySubsystems
[Subsystems] Discovering subsystems at path G:/Projects/Games/SomethingIsInside/Assets
GfxDevice: creating device client; kGfxThreadingModeNonThreaded
Direct3D:
    Version:  Direct3D 11.0 [level 11.1]
    Renderer: NVIDIA GeForce GTX 1650 with Max-Q Design (ID=0x1f9d)
    Vendor:   NVIDIA
    VRAM:     3938 MB
    Driver:   32.0.15.5599
[Licensing::Client] Handshaking with LicensingClient:
  Version:                 1.17.4+4293ba1
  Session Id:              fe8683e0c6734eb48674d50e8981e9dc
  Correlation Id:          342d027b2a4d64f5b1377969dbab9909
  External correlation Id: 574047070137005383
  Machine Id:              okVrt7sNk1lBSE3HkSl5tyHh1NY=
[Licensing::Module] Successfully connected to LicensingClient on channel: "LicenseClient-gethm" (connect: 0.00s, validation: 0.00s, handshake: 8.36s)
[Licensing::IpcConnector] Successfully connected to: "LicenseClient-gethm-notifications" at "2026-04-25T12:59:17.1000374Z"
[Licensing::Module] Licensing Background thread has ended after 8.37s
Initialize mono
Mono path[0] = 'E:/unity/6000.3.8f1/Editor/Data/Managed'
Mono path[1] = 'E:/unity/6000.3.8f1/Editor/Data/MonoBleedingEdge/lib/mono/unityjit-win32'
Mono config path = 'E:/unity/6000.3.8f1/Editor/Data/MonoBleedingEdge/etc'
Using monoOptions --debugger-agent=transport=dt_socket,embedding=1,server=y,suspend=n,address=127.0.0.1:56424
Begin MonoManager ReloadAssembly
Registering precompiled unity dll's ...
Register platform support module: E:/unity/6000.3.8f1/Editor/Data/PlaybackEngines/WebGLSupport/UnityEditor.WebGL.Extensions.dll
Register platform support module: E:/unity/6000.3.8f1/Editor/Data/PlaybackEngines/WindowsStandaloneSupport/UnityEditor.WindowsStandalone.Extensions.dll
Registered in 0.141958 seconds.
- Loaded All Assemblies, in  9.929 seconds
Native extension for WindowsStandalone target not found
Native extension for WebGL target not found
ScheduleIndexationOnStartup MainProcess:False IndexOnStartup:True
Mono: successfully reloaded assembly
- Finished resetting the current domain, in  4.830 seconds
Domain Reload Profiling: 14756ms
	BeginReloadAssembly (7458ms)
		ExecutionOrderSort (0ms)
		DisableScriptedObjects (0ms)
		BackupInstance (0ms)
		ReleaseScriptingObjects (0ms)
		CreateAndSetChildDomain (4ms)
	RebuildCommonClasses (196ms)
	RebuildNativeTypeToScriptingClass (75ms)
	initialDomainReloadingComplete (360ms)
	LoadAllAssembliesAndSetupDomain (1836ms)
		LoadAssemblies (7653ms)
		RebuildTransferFunctionScriptingTraits (0ms)
		AnalyzeDomain (1619ms)
			TypeCache.Refresh (1614ms)
				TypeCache.ScanAssembly (1582ms)
			BuildScriptInfoCaches (0ms)
			ResolveRequiredComponents (1ms)
	FinalizeReload (4831ms)
		ReleaseScriptCaches (0ms)
		RebuildScriptCaches (0ms)
		SetupLoadedEditorAssemblies (4744ms)
			LogAssemblyErrors (0ms)
			InitializePlatformSupportModulesInManaged (87ms)
			SetLoadedEditorAssemblies (8ms)
			BeforeProcessingInitializeOnLoad (338ms)
			ProcessInitializeOnLoadAttributes (693ms)
			ProcessInitializeOnLoadMethodAttributes (3618ms)
			AfterProcessingInitializeOnLoad (0ms)
			EditorAssembliesLoaded (0ms)
		ExecutionOrderSort2 (0ms)
		AwakeInstancesAfterBackupRestoration (0ms)
========================================================================
Worker process is ready to serve import requests
Import Worker Mode flag is 0x00
Begin MonoManager ReloadAssembly
[Licensing::Client] Successfully resolved entitlement details
[Licensing::Module] License group:
  Id: 18968316719596-geezus_zz-UnityProStuXXXX
  Product: Unity Student
  Type: Assigned
  Expiration: 2026-08-05T18:57:29Z
- Loaded All Assemblies, in 20.627 seconds
Refreshing native plugins compatible for Editor in 249.15 ms, found 4 plugins.
Native extension for WindowsStandalone target not found
Native extension for WebGL target not found
Package Manager log level set to [2]
[Package Manager] Failed to launch server process. Reason: Unity was launched with the -noUpm command-line argument
[Package Manager] Unable to send message (not connected to server process).
[Package Manager] Cannot connect to Unity Package Manager local server
ScheduleIndexationOnStartup MainProcess:False IndexOnStartup:True
Mono: successfully reloaded assembly
- Finished resetting the current domain, in  4.452 seconds
Domain Reload Profiling: 25079ms
	BeginReloadAssembly (340ms)
		ExecutionOrderSort (0ms)
		DisableScriptedObjects (15ms)
		BackupInstance (0ms)
		ReleaseScriptingObjects (0ms)
		CreateAndSetChildDomain (65ms)
	RebuildCommonClasses (83ms)
	RebuildNativeTypeToScriptingClass (23ms)
	initialDomainReloadingComplete (63ms)
	LoadAllAssembliesAndSetupDomain (20116ms)
		LoadAssemblies (18335ms)
		RebuildTransferFunctionScriptingTraits (0ms)
		AnalyzeDomain (1933ms)
			TypeCache.Refresh (1361ms)
				TypeCache.ScanAssembly (1271ms)
			BuildScriptInfoCaches (486ms)
			ResolveRequiredComponents (63ms)
	FinalizeReload (4454ms)
		ReleaseScriptCaches (0ms)
		RebuildScriptCaches (0ms)
		SetupLoadedEditorAssemblies (3730ms)
			LogAssemblyErrors (0ms)
			InitializePlatformSupportModulesInManaged (9ms)
			SetLoadedEditorAssemblies (22ms)
			BeforeProcessingInitializeOnLoad (911ms)
			ProcessInitializeOnLoadAttributes (2386ms)
			ProcessInitializeOnLoadMethodAttributes (395ms)
			AfterProcessingInitializeOnLoad (7ms)
			EditorAssembliesLoaded (1ms)
		ExecutionOrderSort2 (0ms)
		AwakeInstancesAfterBackupRestoration (32ms)
WARNING: Shader Unsupported: 'Hidden/Universal Render Pipeline/Terrain/Lit (Base Pass)' - All subshaders removed
WARNING: Shader Did you use #pragma only_renderers and omit this platform?
WARNING: Shader If subshaders removal was intentional, you may have forgotten turning Fallback off?
WARNING: Shader Unsupported: 'Hidden/Universal Render Pipeline/Terrain/Lit (Base Pass)' - All subshaders removed
WARNING: Shader Did you use #pragma only_renderers and omit this platform?
WARNING: Shader If subshaders removal was intentional, you may have forgotten turning Fallback off?
WARNING: Shader Unsupported: 'Universal Render Pipeline/Terrain/Lit' - All subshaders removed
WARNING: Shader Did you use #pragma only_renderers and omit this platform?
WARNING: Shader If subshaders removal was intentional, you may have forgotten turning Fallback off?
WARNING: Shader Unsupported: 'Universal Render Pipeline/Terrain/Lit' - All subshaders removed
WARNING: Shader Did you use #pragma only_renderers and omit this platform?
WARNING: Shader If subshaders removal was intentional, you may have forgotten turning Fallback off?
Launched and connected shader compiler UnityShaderCompiler.exe after 0.77 seconds
Refreshing native plugins compatible for Editor in 8.70 ms, found 4 plugins.
Preloading 0 native plugins for Editor in 0.00 ms.
Unloading 45 Unused Serialized files (Serialized files now loaded: 0)
Unloading 6949 unused Assets / (7.2 MB). Loaded Objects now: 7603.
Memory consumption went from 150.0 MB to 142.8 MB.
Total: 26.768600 ms (FindLiveObjects: 1.292600 ms CreateObjectMapping: 1.500300 ms MarkObjects: 17.559800 ms  DeleteObjects: 6.413700 ms)

========================================================================
Received Import Request.
  Time since last request: 171111.093650 seconds.
  path: Assets/UI/Free_UI_Asset_Pack/4/6/2.png
  artifactKey: Guid(77b72c7d63557c94bb5782075a286e38) Importer(2089858483,b0f066a214c2f5e87bad3c948f4d605d)
Start importing Assets/UI/Free_UI_Asset_Pack/4/6/2.png using Guid(77b72c7d63557c94bb5782075a286e38) Importer(2089858483,b0f066a214c2f5e87bad3c948f4d605d) (ScriptedImporter) -> (artifact id: 'ff7c07f4be19c41a5ba60e4f472073ef') in 1.5595654 seconds
Number of updated asset objects reloaded before import = 0Number of asset objects unloaded after import = 3

========================================================================
Received Import Request.
  Time since last request: 0.000055 seconds.
  path: Assets/UI/Free_UI_Asset_Pack/4/8/4.png
  artifactKey: Guid(5162f882c741eca47b3e37c278624ef3) Importer(2089858483,b0f066a214c2f5e87bad3c948f4d605d)
Start importing Assets/UI/Free_UI_Asset_Pack/4/8/4.png using Guid(5162f882c741eca47b3e37c278624ef3) Importer(2089858483,b0f066a214c2f5e87bad3c948f4d605d) (ScriptedImporter) -> (artifact id: 'c26ae099ba2f42127ba6b10432581e71') in 1.0105688 seconds
Number of updated asset objects reloaded before import = 0Number of asset objects unloaded after import = 3

========================================================================
Received Import Request.
  Time since last request: 0.000088 seconds.
  path: Assets/Scripts/DollState.cs
  artifactKey: Guid(8533156d6ff9be34fa168273386fe8fe) Importer(2089858483,b0f066a214c2f5e87bad3c948f4d605d)
Start importing Assets/Scripts/DollState.cs using Guid(8533156d6ff9be34fa168273386fe8fe) Importer(2089858483,b0f066a214c2f5e87bad3c948f4d605d) (ScriptedImporter) -> (artifact id: 'bd9ece1ea597d86f9489241c3882d2dd') in 0.006042 seconds
Number of updated asset objects reloaded before import = 0Number of asset objects unloaded after import = 0

========================================================================
Received Import Request.
  Time since last request: 0.000503 seconds.
  path: Assets/UI/Free_UI_Asset_Pack/4/6/1.png
  artifactKey: Guid(6ee865217e6f0764e97bd7741889ea1c) Importer(2089858483,b0f066a214c2f5e87bad3c948f4d605d)
Start importing Assets/UI/Free_UI_Asset_Pack/4/6/1.png using Guid(6ee865217e6f0764e97bd7741889ea1c) Importer(2089858483,b0f066a214c2f5e87bad3c948f4d605d) (ScriptedImporter) -> (artifact id: '987b8e09bef99a75ec40785f033fffbc') in 0.1518869 seconds
Number of updated asset objects reloaded before import = 0Number of asset objects unloaded after import = 3

========================================================================
Received Import Request.
  Time since last request: 0.000210 seconds.
  path: Assets/UI/Free_UI_Asset_Pack/9/6.png
  artifactKey: Guid(6a373344ed3c6b94c825faafb36ae439) Importer(2089858483,b0f066a214c2f5e87bad3c948f4d605d)
Start importing Assets/UI/Free_UI_Asset_Pack/9/6.png using Guid(6a373344ed3c6b94c825faafb36ae439) Importer(2089858483,b0f066a214c2f5e87bad3c948f4d605d) (ScriptedImporter) -> (artifact id: '411a80876ca3342780044975d3112e90') in 0.1049376 seconds
Number of updated asset objects reloaded before import = 0Number of asset objects unloaded after import = 3

========================================================================
Received Import Request.
  Time since last request: 0.000141 seconds.
  path: Assets/UI/Free_UI_Asset_Pack/8/3.png
  artifactKey: Guid(c10ca7f999557e64681842ad43b140ce) Importer(2089858483,b0f066a214c2f5e87bad3c948f4d605d)
Start importing Assets/UI/Free_UI_Asset_Pack/8/3.png using Guid(c10ca7f999557e64681842ad43b140ce) Importer(2089858483,b0f066a214c2f5e87bad3c948f4d605d) (ScriptedImporter) -> (artifact id: '28180fab0db4203fd7ca24e4f70fdfcc') in 0.3442574 seconds
Number of updated asset objects reloaded before import = 0Number of asset objects unloaded after import = 3

========================================================================
Received Import Request.
  Time since last request: 0.000127 seconds.
  path: Assets/UI/Free_UI_Asset_Pack/7/1.png
  artifactKey: Guid(d1a9f12fcf7919f408321562624d90a4) Importer(2089858483,b0f066a214c2f5e87bad3c948f4d605d)
Start importing Assets/UI/Free_UI_Asset_Pack/7/1.png using Guid(d1a9f12fcf7919f408321562624d90a4) Importer(2089858483,b0f066a214c2f5e87bad3c948f4d605d) (ScriptedImporter) -> (artifact id: '86da706ade06951af3951fb37b8cf561') in 0.2617152 seconds
Number of updated asset objects reloaded before import = 0Number of asset objects unloaded after import = 3

========================================================================
Received Import Request.
  Time since last request: 0.000104 seconds.
  path: Assets/UI/Free_UI_Asset_Pack/4/3/1.png
  artifactKey: Guid(c7da3b651b1715d4080d0f10b5612ae8) Importer(2089858483,b0f066a214c2f5e87bad3c948f4d605d)
Start importing Assets/UI/Free_UI_Asset_Pack/4/3/1.png using Guid(c7da3b651b1715d4080d0f10b5612ae8) Importer(2089858483,b0f066a214c2f5e87bad3c948f4d605d) (ScriptedImporter) -> (artifact id: '313ee6a0ff19717d08f8bd09cd663917') in 0.0807602 seconds
Number of updated asset objects reloaded before import = 0Number of asset objects unloaded after import = 3

========================================================================
Received Import Request.
  Time since last request: 0.000026 seconds.
  path: Assets/UI/Free_UI_Asset_Pack/2/2.png
  artifactKey: Guid(f95d7053d60475047bea2a351de5267a) Importer(2089858483,b0f066a214c2f5e87bad3c948f4d605d)
Start importing Assets/UI/Free_UI_Asset_Pack/2/2.png using Guid(f95d7053d60475047bea2a351de5267a) Importer(2089858483,b0f066a214c2f5e87bad3c948f4d605d) (ScriptedImporter) -> (artifact id: '2c619ddc48be722f9ff67e223aff4cbc') in 0.125307 seconds
Number of updated asset objects reloaded before import = 0Number of asset objects unloaded after import = 6

========================================================================
Received Import Request.
  Time since last request: 0.000064 seconds.
  path: Assets/UI/Free_UI_Asset_Pack/9/3.png
  artifactKey: Guid(00d1f30b1479d884ea9a1626fbf5f2f0) Importer(2089858483,b0f066a214c2f5e87bad3c948f4d605d)
Start importing Assets/UI/Free_UI_Asset_Pack/9/3.png using Guid(00d1f30b1479d884ea9a1626fbf5f2f0) Importer(2089858483,b0f066a214c2f5e87bad3c948f4d605d) (ScriptedImporter) -> (artifact id: '0d60ed38d697f758cf5ea215b66335e5') in 0.1598939 seconds
Number of updated asset objects reloaded before import = 0Number of asset objects unloaded after import = 3

========================================================================
Received Import Request.
  Time since last request: 0.000084 seconds.
  path: Assets/UI/Free_UI_Asset_Pack/9/10.png
  artifactKey: Guid(3827437bf98025844977c1874c9be4dd) Importer(2089858483,b0f066a214c2f5e87bad3c948f4d605d)
Start importing Assets/UI/Free_UI_Asset_Pack/9/10.png using Guid(3827437bf98025844977c1874c9be4dd) Importer(2089858483,b0f066a214c2f5e87bad3c948f4d605d) (ScriptedImporter) -> (artifact id: '7b0b4bba229ae95bbe108acf4641558d') in 0.0433666 seconds
Number of updated asset objects reloaded before import = 0Number of asset objects unloaded after import = 3

========================================================================
Received Import Request.
  Time since last request: 0.000075 seconds.
  path: Assets/UI/Free_UI_Asset_Pack/4/6/4.png
  artifactKey: Guid(0ee9a71ab11108c4ea7f2b279b1144a8) Importer(2089858483,b0f066a214c2f5e87bad3c948f4d605d)
Start importing Assets/UI/Free_UI_Asset_Pack/4/6/4.png using Guid(0ee9a71ab11108c4ea7f2b279b1144a8) Importer(2089858483,b0f066a214c2f5e87bad3c948f4d605d) (ScriptedImporter) -> (artifact id: '110957c074fce32ad90e3abada2fe1df') in 0.0513669 seconds
Number of updated asset objects reloaded before import = 0Number of asset objects unloaded after import = 3

========================================================================
Received Import Request.
  Time since last request: 0.000067 seconds.
  path: Assets/UI/Free_UI_Asset_Pack/7
  artifactKey: Guid(97dce90e4d06b36408b15bcf4089f8ca) Importer(2089858483,b0f066a214c2f5e87bad3c948f4d605d)
Start importing Assets/UI/Free_UI_Asset_Pack/7 using Guid(97dce90e4d06b36408b15bcf4089f8ca) Importer(2089858483,b0f066a214c2f5e87bad3c948f4d605d) (ScriptedImporter) -> (artifact id: 'b8e84355a548fa8ab52a046b900d41e1') in 0.1439273 seconds
Number of updated asset objects reloaded before import = 0Number of asset objects unloaded after import = 1

========================================================================
Received Import Request.
  Time since last request: 0.000213 seconds.
  path: Assets/UI/Free_UI_Asset_Pack/6
  artifactKey: Guid(8d8cd84904ef87447bf36072367d214a) Importer(2089858483,b0f066a214c2f5e87bad3c948f4d605d)
Start importing Assets/UI/Free_UI_Asset_Pack/6 using Guid(8d8cd84904ef87447bf36072367d214a) Importer(2089858483,b0f066a214c2f5e87bad3c948f4d605d) (ScriptedImporter) -> (artifact id: 'e0c7df2cc4e55f07ca3e01250a28dd76') in 0.0269272 seconds
Number of updated asset objects reloaded before import = 0Number of asset objects unloaded after import = 1

========================================================================
Received Import Request.
  Time since last request: 0.000198 seconds.
  path: Assets/UI/Free_UI_Asset_Pack/6/2.png
  artifactKey: Guid(8a8cdfa6be2bb914b998d9b28025047a) Importer(2089858483,b0f066a214c2f5e87bad3c948f4d605d)
Start importing Assets/UI/Free_UI_Asset_Pack/6/2.png using Guid(8a8cdfa6be2bb914b998d9b28025047a) Importer(2089858483,b0f066a214c2f5e87bad3c948f4d605d) (ScriptedImporter) -> (artifact id: '278b7cb5bba3065541dc0b30a9a61565') in 0.2127377 seconds
Number of updated asset objects reloaded before import = 0Number of asset objects unloaded after import = 3

========================================================================
Received Import Request.
  Time since last request: 0.000061 seconds.
  path: Assets/UI/Free_UI_Asset_Pack/8/1.png
  artifactKey: Guid(ca570091846fc714cadc91cd8771c504) Importer(2089858483,b0f066a214c2f5e87bad3c948f4d605d)
Start importing Assets/UI/Free_UI_Asset_Pack/8/1.png using Guid(ca570091846fc714cadc91cd8771c504) Importer(2089858483,b0f066a214c2f5e87bad3c948f4d605d) (ScriptedImporter) -> (artifact id: '49fccdb912f1de9661ba0184b5c2812a') in 0.2282933 seconds
Number of updated asset objects reloaded before import = 0Number of asset objects unloaded after import = 3

========================================================================
Received Import Request.
  Time since last request: 0.000058 seconds.
  path: Assets/UI/Free_UI_Asset_Pack/9/5.png
  artifactKey: Guid(0cef44fd96abb7f4891ab6730dcf0fa8) Importer(2089858483,b0f066a214c2f5e87bad3c948f4d605d)
Start importing Assets/UI/Free_UI_Asset_Pack/9/5.png using Guid(0cef44fd96abb7f4891ab6730dcf0fa8) Importer(2089858483,b0f066a214c2f5e87bad3c948f4d605d) (ScriptedImporter) -> (artifact id: '0ed9c0662beaa9a967064651cf8d8bdb') in 0.0178363 seconds
Number of updated asset objects reloaded before import = 0Number of asset objects unloaded after import = 3

========================================================================
Received Import Request.
  Time since last request: 0.000205 seconds.
  path: Assets/UI/Free_UI_Asset_Pack/5/10.png
  artifactKey: Guid(181d9a963e38ff4498680cb639f7f794) Importer(2089858483,b0f066a214c2f5e87bad3c948f4d605d)
Start importing Assets/UI/Free_UI_Asset_Pack/5/10.png using Guid(181d9a963e38ff4498680cb639f7f794) Importer(2089858483,b0f066a214c2f5e87bad3c948f4d605d) (ScriptedImporter) -> (artifact id: '837a583c6e820e613f8a4e9cc0a095f9') in 0.087948 seconds
Number of updated asset objects reloaded before import = 0Number of asset objects unloaded after import = 3

========================================================================
Received Import Request.
  Time since last request: 0.000060 seconds.
  path: Assets/UI/Free_UI_Asset_Pack/4/6/3.png
  artifactKey: Guid(4a16eb1a9d362a24db8d056d12cec460) Importer(2089858483,b0f066a214c2f5e87bad3c948f4d605d)
Start importing Assets/UI/Free_UI_Asset_Pack/4/6/3.png using Guid(4a16eb1a9d362a24db8d056d12cec460) Importer(2089858483,b0f066a214c2f5e87bad3c948f4d605d) (ScriptedImporter) -> (artifact id: 'b5965455145923b299308963f8b90e08') in 0.1434772 seconds
Number of updated asset objects reloaded before import = 0Number of asset objects unloaded after import = 3

========================================================================
Received Import Request.
  Time since last request: 0.000093 seconds.
  path: Assets/UI/Free_UI_Asset_Pack/9
  artifactKey: Guid(ad91a216a01b04649b80c8c02059f451) Importer(2089858483,b0f066a214c2f5e87bad3c948f4d605d)
Start importing Assets/UI/Free_UI_Asset_Pack/9 using Guid(ad91a216a01b04649b80c8c02059f451) Importer(2089858483,b0f066a214c2f5e87bad3c948f4d605d) (ScriptedImporter) -> (artifact id: '60be1352d9e7bc16fff55633e0843ff1') in 0.0304615 seconds
Number of updated asset objects reloaded before import = 0Number of asset objects unloaded after import = 1

========================================================================
Received Import Request.
  Time since last request: 0.000328 seconds.
  path: Assets/UI/Free_UI_Asset_Pack/6/1.png
  artifactKey: Guid(24ddef19ae73d544381353e8a28c0095) Importer(2089858483,b0f066a214c2f5e87bad3c948f4d605d)
Start importing Assets/UI/Free_UI_Asset_Pack/6/1.png using Guid(24ddef19ae73d544381353e8a28c0095) Importer(2089858483,b0f066a214c2f5e87bad3c948f4d605d) (ScriptedImporter) -> (artifact id: '77da03a03686bc36cd8b210e20108875') in 0.1215589 seconds
Number of updated asset objects reloaded before import = 0Number of asset objects unloaded after import = 3

========================================================================
Received Import Request.
  Time since last request: 0.000057 seconds.
  path: Assets/UI/Free_UI_Asset_Pack/4/2/1.png
  artifactKey: Guid(c181e5d3a485b3745be5f30b633d982a) Importer(2089858483,b0f066a214c2f5e87bad3c948f4d605d)
Start importing Assets/UI/Free_UI_Asset_Pack/4/2/1.png using Guid(c181e5d3a485b3745be5f30b633d982a) Importer(2089858483,b0f066a214c2f5e87bad3c948f4d605d) (ScriptedImporter) -> (artifact id: 'f512f2ffff60629bfbfd37e939d4541c') in 0.1015655 seconds
Number of updated asset objects reloaded before import = 0Number of asset objects unloaded after import = 3

========================================================================
Received Import Request.
  Time since last request: 0.000103 seconds.
  path: Assets/UI/Free_UI_Asset_Pack/4/7/1.png
  artifactKey: Guid(794a7f6e92f57064cbe83b912080a5ae) Importer(2089858483,b0f066a214c2f5e87bad3c948f4d605d)
Start importing Assets/UI/Free_UI_Asset_Pack/4/7/1.png using Guid(794a7f6e92f57064cbe83b912080a5ae) Importer(2089858483,b0f066a214c2f5e87bad3c948f4d605d) (ScriptedImporter) -> (artifact id: 'a701b37b4cd7bf4023848dfe990b49e2') in 0.1143319 seconds
Number of updated asset objects reloaded before import = 0Number of asset objects unloaded after import = 3

========================================================================
Received Import Request.
  Time since last request: 0.000030 seconds.
  path: Assets/UI/Free_UI_Asset_Pack/5
  artifactKey: Guid(7544fec4063a82145b888c7e50788b64) Importer(2089858483,b0f066a214c2f5e87bad3c948f4d605d)
Start importing Assets/UI/Free_UI_Asset_Pack/5 using Guid(7544fec4063a82145b888c7e50788b64) Importer(2089858483,b0f066a214c2f5e87bad3c948f4d605d) (ScriptedImporter) -> (artifact id: 'ab474c0fd49079437c2c2c0a55968074') in 0.1466215 seconds
Number of updated asset objects reloaded before import = 0Number of asset objects unloaded after import = 1

========================================================================
Received Import Request.
  Time since last request: 0.000042 seconds.
  path: Assets/UI/Free_UI_Asset_Pack/2/3.png
  artifactKey: Guid(5e95099b04ba67849a9263460e67cb52) Importer(2089858483,b0f066a214c2f5e87bad3c948f4d605d)
Start importing Assets/UI/Free_UI_Asset_Pack/2/3.png using Guid(5e95099b04ba67849a9263460e67cb52) Importer(2089858483,b0f066a214c2f5e87bad3c948f4d605d) (ScriptedImporter) -> (artifact id: '084e27c365048a0189d3d8e0220c693f') in 0.0685973 seconds
Number of updated asset objects reloaded before import = 0Number of asset objects unloaded after import = 6

========================================================================
Received Import Request.
  Time since last request: 0.000098 seconds.
  path: Assets/UI/Free_UI_Asset_Pack/9/12.png
  artifactKey: Guid(a7bc43e4818b9884eab27221b71961e4) Importer(2089858483,b0f066a214c2f5e87bad3c948f4d605d)
Start importing Assets/UI/Free_UI_Asset_Pack/9/12.png using Guid(a7bc43e4818b9884eab27221b71961e4) Importer(2089858483,b0f066a214c2f5e87bad3c948f4d605d) (ScriptedImporter) -> (artifact id: '9e0895d2c0ae69ccfae659da833b7c1f') in 0.0624797 seconds
Number of updated asset objects reloaded before import = 0Number of asset objects unloaded after import = 3

========================================================================
Received Import Request.
  Time since last request: 0.000041 seconds.
  path: Assets/UI/Free_UI_Asset_Pack/4/8/2.png
  artifactKey: Guid(67aa6d3e54e8c6243a15500bf5885581) Importer(2089858483,b0f066a214c2f5e87bad3c948f4d605d)
Start importing Assets/UI/Free_UI_Asset_Pack/4/8/2.png using Guid(67aa6d3e54e8c6243a15500bf5885581) Importer(2089858483,b0f066a214c2f5e87bad3c948f4d605d) (ScriptedImporter) -> (artifact id: 'f2c85ddab4cace20ed13eadb0bc9da6f') in 0.0496942 seconds
Number of updated asset objects reloaded before import = 0Number of asset objects unloaded after import = 3

========================================================================
Received Import Request.
  Time since last request: 0.000070 seconds.
  path: Assets/UI/Free_UI_Asset_Pack/4/3/3.png
  artifactKey: Guid(aa62d287797af894b89314ce821bfafc) Importer(2089858483,b0f066a214c2f5e87bad3c948f4d605d)
Start importing Assets/UI/Free_UI_Asset_Pack/4/3/3.png using Guid(aa62d287797af894b89314ce821bfafc) Importer(2089858483,b0f066a214c2f5e87bad3c948f4d605d) (ScriptedImporter) -> (artifact id: '0a6f58f19bc566fb5e862dd886176401') in 0.0152804 seconds
Number of updated asset objects reloaded before import = 0Number of asset objects unloaded after import = 3

========================================================================
Received Import Request.
  Time since last request: 0.000054 seconds.
  path: Assets/UI/Free_UI_Asset_Pack
  artifactKey: Guid(b1e3a2fdf1c0655478644769db250823) Importer(2089858483,b0f066a214c2f5e87bad3c948f4d605d)
Start importing Assets/UI/Free_UI_Asset_Pack using Guid(b1e3a2fdf1c0655478644769db250823) Importer(2089858483,b0f066a214c2f5e87bad3c948f4d605d) (ScriptedImporter) -> (artifact id: '2048ecefeb120dd58b622fdf736939f8') in 0.0175667 seconds
Number of updated asset objects reloaded before import = 0Number of asset objects unloaded after import = 1

========================================================================
Received Import Request.
  Time since last request: 0.000228 seconds.
  path: Assets/UI/Free_UI_Asset_Pack/4/7/3.png
  artifactKey: Guid(820bb6c0ecb2041459fc5ae02ea39ea8) Importer(2089858483,b0f066a214c2f5e87bad3c948f4d605d)
Start importing Assets/UI/Free_UI_Asset_Pack/4/7/3.png using Guid(820bb6c0ecb2041459fc5ae02ea39ea8) Importer(2089858483,b0f066a214c2f5e87bad3c948f4d605d) (ScriptedImporter) -> (artifact id: '89074a48cf3c8ff36b16143123e8e34c') in 0.1746136 seconds
Number of updated asset objects reloaded before import = 0Number of asset objects unloaded after import = 3

========================================================================
Received Import Request.
  Time since last request: 0.000060 seconds.
  path: Assets/Scripts/ElizabethLogic.cs
  artifactKey: Guid(b9e1b30f0a2988f47b3a05889a0b6b27) Importer(2089858483,b0f066a214c2f5e87bad3c948f4d605d)
Start importing Assets/Scripts/ElizabethLogic.cs using Guid(b9e1b30f0a2988f47b3a05889a0b6b27) Importer(2089858483,b0f066a214c2f5e87bad3c948f4d605d) (ScriptedImporter) -> (artifact id: '7c084ad72097910eed0212a39a0e9cc3') in 0.0055202 seconds
Number of updated asset objects reloaded before import = 0Number of asset objects unloaded after import = 0

========================================================================
Received Import Request.
  Time since last request: 0.000064 seconds.
  path: Assets/UI/Free_UI_Asset_Pack/4/5
  artifactKey: Guid(7965c32f10e94e54ea4019c28713959b) Importer(2089858483,b0f066a214c2f5e87bad3c948f4d605d)
Start importing Assets/UI/Free_UI_Asset_Pack/4/5 using Guid(7965c32f10e94e54ea4019c28713959b) Importer(2089858483,b0f066a214c2f5e87bad3c948f4d605d) (ScriptedImporter) -> (artifact id: '43e84f906f6e09ab3b5f18e12510bfca') in 0.0315618 seconds
Number of updated asset objects reloaded before import = 0Number of asset objects unloaded after import = 1

========================================================================
Received Import Request.
  Time since last request: 0.000210 seconds.
  path: Assets/UI/Free_UI_Asset_Pack/5/7.png
  artifactKey: Guid(5d786b14e62594a468189913d2c75fcd) Importer(2089858483,b0f066a214c2f5e87bad3c948f4d605d)
Start importing Assets/UI/Free_UI_Asset_Pack/5/7.png using Guid(5d786b14e62594a468189913d2c75fcd) Importer(2089858483,b0f066a214c2f5e87bad3c948f4d605d) (ScriptedImporter) -> (artifact id: '4f96aeb989a10c762deac21488f97c5f') in 0.1959491 seconds
Number of updated asset objects reloaded before import = 0Number of asset objects unloaded after import = 3

========================================================================
Received Import Request.
  Time since last request: 0.000079 seconds.
  path: Assets/UI/Free_UI_Asset_Pack/4/1
  artifactKey: Guid(e075434eabe1f734092a693af916a031) Importer(2089858483,b0f066a214c2f5e87bad3c948f4d605d)
Start importing Assets/UI/Free_UI_Asset_Pack/4/1 using Guid(e075434eabe1f734092a693af916a031) Importer(2089858483,b0f066a214c2f5e87bad3c948f4d605d) (ScriptedImporter) -> (artifact id: '1d9c85f6bb7bef868152dd60d073e043') in 0.0153517 seconds
Number of updated asset objects reloaded before import = 0Number of asset objects unloaded after import = 1

========================================================================
Received Import Request.
  Time since last request: 0.000115 seconds.
  path: Assets/UI/Free_UI_Asset_Pack/4/2/4.png
  artifactKey: Guid(1e9d06193044c1844936d68a6e0dee3a) Importer(2089858483,b0f066a214c2f5e87bad3c948f4d605d)
Start importing Assets/UI/Free_UI_Asset_Pack/4/2/4.png using Guid(1e9d06193044c1844936d68a6e0dee3a) Importer(2089858483,b0f066a214c2f5e87bad3c948f4d605d) (ScriptedImporter) -> (artifact id: 'f5bf87422f1c8a8cd14237807fb2abcf') in 0.1007339 seconds
Number of updated asset objects reloaded before import = 0Number of asset objects unloaded after import = 3

========================================================================
Received Import Request.
  Time since last request: 0.000073 seconds.
  path: Assets/UI/Free_UI_Asset_Pack/4/8
  artifactKey: Guid(9580b2a2db9e5d84f974462156328975) Importer(2089858483,b0f066a214c2f5e87bad3c948f4d605d)
Start importing Assets/UI/Free_UI_Asset_Pack/4/8 using Guid(9580b2a2db9e5d84f974462156328975) Importer(2089858483,b0f066a214c2f5e87bad3c948f4d605d) (ScriptedImporter) -> (artifact id: '2564892e1b21f684dc698b184639c304') in 0.0055339 seconds
Number of updated asset objects reloaded before import = 0Number of asset objects unloaded after import = 1

========================================================================
Received Import Request.
  Time since last request: 0.000184 seconds.
  path: Assets/UI/Free_UI_Asset_Pack/5/6.png
  artifactKey: Guid(378961d0981883f439e06eb67376c02b) Importer(2089858483,b0f066a214c2f5e87bad3c948f4d605d)
Start importing Assets/UI/Free_UI_Asset_Pack/5/6.png using Guid(378961d0981883f439e06eb67376c02b) Importer(2089858483,b0f066a214c2f5e87bad3c948f4d605d) (ScriptedImporter) -> (artifact id: '8f1e97a8e229a520ccfbb1cfe12976e9') in 0.4348497 seconds
Number of updated asset objects reloaded before import = 0Number of asset objects unloaded after import = 3

========================================================================
Received Import Request.
  Time since last request: 0.000052 seconds.
  path: Assets/UI/Free_UI_Asset_Pack/7/8.png
  artifactKey: Guid(0ec3ff589d2758a4a89b052da19db322) Importer(2089858483,b0f066a214c2f5e87bad3c948f4d605d)
Start importing Assets/UI/Free_UI_Asset_Pack/7/8.png using Guid(0ec3ff589d2758a4a89b052da19db322) Importer(2089858483,b0f066a214c2f5e87bad3c948f4d605d) (ScriptedImporter) -> (artifact id: 'e84474b9d57f7d843f9a577908153596') in 0.3217935 seconds
Number of updated asset objects reloaded before import = 0Number of asset objects unloaded after import = 3

========================================================================
Received Import Request.
  Time since last request: 0.000056 seconds.
  path: Assets/UI
  artifactKey: Guid(27832a17e57398a419d23cf54ca25119) Importer(2089858483,b0f066a214c2f5e87bad3c948f4d605d)
Start importing Assets/UI using Guid(27832a17e57398a419d23cf54ca25119) Importer(2089858483,b0f066a214c2f5e87bad3c948f4d605d) (ScriptedImporter) -> (artifact id: '97de61ea57fffac9b467e0758ceeaae3') in 0.0304897 seconds
Number of updated asset objects reloaded before import = 0Number of asset objects unloaded after import = 1

========================================================================
Received Import Request.
  Time since last request: 0.000063 seconds.
  path: Assets/UI/Free_UI_Asset_Pack/4/6/5.png
  artifactKey: Guid(33bfb771a0879ca4182d000e8ac7c402) Importer(2089858483,b0f066a214c2f5e87bad3c948f4d605d)
Start importing Assets/UI/Free_UI_Asset_Pack/4/6/5.png using Guid(33bfb771a0879ca4182d000e8ac7c402) Importer(2089858483,b0f066a214c2f5e87bad3c948f4d605d) (ScriptedImporter) -> (artifact id: 'ccc22d6d71678380a10943523e16bf0b') in 0.1310943 seconds
Number of updated asset objects reloaded before import = 0Number of asset objects unloaded after import = 3

========================================================================
Received Import Request.
  Time since last request: 0.000055 seconds.
  path: Assets/UI/Free_UI_Asset_Pack/5/9.png
  artifactKey: Guid(5c610ca91f48c9d4bab4ae356c617e12) Importer(2089858483,b0f066a214c2f5e87bad3c948f4d605d)
Start importing Assets/UI/Free_UI_Asset_Pack/5/9.png using Guid(5c610ca91f48c9d4bab4ae356c617e12) Importer(2089858483,b0f066a214c2f5e87bad3c948f4d605d) (ScriptedImporter) -> (artifact id: '4037a2233a4f748ba35d5019c77f8d0e') in 0.0242079 seconds
Number of updated asset objects reloaded before import = 0Number of asset objects unloaded after import = 3

Editor requested this worker to shutdown with reason: Scaling down because of idle timeout
AssetImportWorkerClient::OnTransportError - code=2 error=End of file
AssetImportWorker is now disconnected from the server
Process exiting
Exiting without the bug reporter. Application will terminate with return code 0